<?xml version="1.0" encoding="UTF-8"?>
<!-- Generated by org.testng.reporters.JUnitReportReporter -->
<testsuite skipped="0" hostname="LAPTOP-M2TGM7M3" name="Com.eCase.qa.TestCases.test1" tests="1" failures="0" timestamp="28 Jun 2018 16:39:08 GMT" time="17.296" errors="0">
  <testcase name="init" time="17.296" classname="Com.eCase.qa.TestCases.test1"/>
</testsuite> <!-- Com.eCase.qa.TestCases.test1 -->
